<?xml version="1.0" encoding="UTF-8"?>
<testng-results skipped="0" failed="0" total="1" passed="1">
  <reporter-output>
    <line>
      <![CDATA[Extent Report directory: C:\Users\Afnan\Desktop\MobileTesting\AmazonMobileWeb\target\surefire-reports\html]]>
    </line>
    <line>
      <![CDATA[Switching to Native App context]]>
    </line>
    <line>
      <![CDATA[Switched to Native App ]]>
    </line>
  </reporter-output>
  <suite name="Test suite on Android Phone Of Amazon Mobile Web" duration-ms="25538" started-at="2019-01-15T15:21:43Z" finished-at="2019-01-15T15:22:09Z">
    <groups>
    </groups>
    <test name="Amazon Home Page" duration-ms="25538" started-at="2019-01-15T15:21:43Z" finished-at="2019-01-15T15:22:09Z">
      <class name="test.page.objects.FooterTest">
        <test-method status="PASS" signature="extentSetup(org.testng.ITestContext)[pri:0, instance:test.page.objects.FooterTest@1f36e637]" name="extentSetup" is-config="true" duration-ms="626" started-at="2019-01-15T10:21:43Z" finished-at="2019-01-15T10:21:43Z">
          <params>
            <param index="0">
              <value>
                <![CDATA[org.testng.TestRunner@5a5338df]]>
              </value>
            </param>
          </params>
          <reporter-output>
            <line>
              <![CDATA[Extent Report directory: C:\Users\Afnan\Desktop\MobileTesting\AmazonMobileWeb\target\surefire-reports\html]]>
            </line>
          </reporter-output>
        </test-method> <!-- extentSetup -->
        <test-method status="PASS" signature="setUp(java.lang.String, java.lang.String, java.lang.String, java.lang.String, java.lang.String, java.lang.String, java.lang.String, java.lang.String, java.lang.String, java.lang.String)[pri:0, instance:test.page.objects.FooterTest@1f36e637]" name="setUp" is-config="true" duration-ms="17437" started-at="2019-01-15T10:21:43Z" finished-at="2019-01-15T10:22:01Z">
          <params>
            <param index="0">
              <value>
                <![CDATA[Android]]>
              </value>
            </param>
            <param index="1">
              <value>
                <![CDATA[mobile]]>
              </value>
            </param>
            <param index="2">
              <value>
                <![CDATA[Emulator]]>
              </value>
            </param>
            <param index="3">
              <value>
                <![CDATA[Android Emulator]]>
              </value>
            </param>
            <param index="4">
              <value>
                <![CDATA[9]]>
              </value>
            </param>
            <param index="5">
              <value>
                <![CDATA[]]>
              </value>
            </param>
            <param index="6">
              <value>
                <![CDATA[]]>
              </value>
            </param>
            <param index="7">
              <value>
                <![CDATA[Chrome]]>
              </value>
            </param>
            <param index="8">
              <value>
                <![CDATA[Phone]]>
              </value>
            </param>
            <param index="9">
              <value>
                <![CDATA[https://www.amazon.com/]]>
              </value>
            </param>
          </params>
          <reporter-output>
          </reporter-output>
        </test-method> <!-- setUp -->
        <test-method status="PASS" signature="startExtent(java.lang.reflect.Method)[pri:0, instance:test.page.objects.FooterTest@1f36e637]" name="startExtent" is-config="true" duration-ms="25" started-at="2019-01-15T10:22:01Z" finished-at="2019-01-15T10:22:01Z">
          <params>
            <param index="0">
              <value>
                <![CDATA[public void test.page.objects.FooterTest.refreshPageTest() throws java.lang.InterruptedException]]>
              </value>
            </param>
          </params>
          <reporter-output>
          </reporter-output>
        </test-method> <!-- startExtent -->
        <test-method status="PASS" signature="initializationOfElemenets()[pri:0, instance:test.page.objects.FooterTest@1f36e637]" name="initializationOfElemenets" is-config="true" duration-ms="2" started-at="2019-01-15T10:22:01Z" finished-at="2019-01-15T10:22:01Z">
          <reporter-output>
          </reporter-output>
        </test-method> <!-- initializationOfElemenets -->
        <test-method status="PASS" signature="refreshPageTest()[pri:0, instance:test.page.objects.FooterTest@1f36e637]" name="refreshPageTest" duration-ms="5728" started-at="2019-01-15T10:22:01Z" finished-at="2019-01-15T10:22:06Z">
          <reporter-output>
            <line>
              <![CDATA[Switching to Native App context]]>
            </line>
            <line>
              <![CDATA[Switched to Native App ]]>
            </line>
          </reporter-output>
        </test-method> <!-- refreshPageTest -->
        <test-method status="PASS" signature="afterEachTestMethod(org.testng.ITestResult)[pri:0, instance:test.page.objects.FooterTest@1f36e637]" name="afterEachTestMethod" is-config="true" duration-ms="2320" started-at="2019-01-15T10:22:06Z" finished-at="2019-01-15T10:22:09Z">
          <params>
            <param index="0">
              <value>
                <![CDATA[[TestResult name=refreshPageTest status=SUCCESS method=FooterTest.refreshPageTest()[pri:0, instance:test.page.objects.FooterTest@1f36e637] output=Switching to Native App context]]]>
              </value>
            </param>
          </params>
          <reporter-output>
          </reporter-output>
        </test-method> <!-- afterEachTestMethod -->
        <test-method status="PASS" signature="generateReport()[pri:0, instance:test.page.objects.FooterTest@1f36e637]" name="generateReport" is-config="true" duration-ms="49" started-at="2019-01-15T10:22:09Z" finished-at="2019-01-15T10:22:09Z">
          <reporter-output>
          </reporter-output>
        </test-method> <!-- generateReport -->
      </class> <!-- test.page.objects.FooterTest -->
    </test> <!-- Amazon Home Page -->
  </suite> <!-- Test suite on Android Phone Of Amazon Mobile Web -->
</testng-results>
